#
# There is insufficient memory for the Java Runtime Environment to continue.
# Native memory allocation (malloc) failed to allocate 1039856 bytes for Chunk::new
# Possible reasons:
#   The system is out of physical RAM or swap space
#   The process is running with CompressedOops enabled, and the Java Heap may be blocking the growth of the native heap
# Possible solutions:
#   Reduce memory load on the system
#   Increase physical memory or swap space
#   Check if swap backing store is full
#   Decrease Java heap size (-Xmx/-Xms)
#   Decrease number of Java threads
#   Decrease Java thread stack sizes (-Xss)
#   Set larger code cache with -XX:ReservedCodeCacheSize=
#   JVM is running with Unscaled Compressed Oops mode in which the Java heap is
#     placed in the first 4GB address space. The Java Heap base address is the
#     maximum limit for the native heap growth. Please use -XX:HeapBaseMinAddress
#     to set the Java Heap base and to place the Java Heap above 4GB virtual address.
# This output file may be truncated or incomplete.
#
#  Out of Memory Error (allocation.cpp:389), pid=10304, tid=0x0000000000005550
#
# JRE version: OpenJDK Runtime Environment (8.0_242-b01) (build 1.8.0_242-release-1644-b01)
# Java VM: OpenJDK 64-Bit Server VM (25.242-b01 mixed mode windows-amd64 compressed oops)
# Failed to write core dump. Minidumps are not enabled by default on client versions of Windows
#

---------------  T H R E A D  ---------------

Current thread (0x0000000018d0e000):  JavaThread "C2 CompilerThread2" daemon [_thread_in_native, id=21840, stack(0x00000000197d0000,0x00000000198d0000)]

Stack: [0x00000000197d0000,0x00000000198d0000]
[error occurred during error reporting (printing stack bounds), id 0xc0000005]

Native frames: (J=compiled Java code, j=interpreted, Vv=VM code, C=native code)


Current CompileTask:
C2:   5900 1505       4       java.net.URLClassLoader$1::run (5 bytes)


---------------  P R O C E S S  ---------------

Java Threads: ( => current thread )
  0x000000001b900800 JavaThread "File lock request listener" [_thread_in_native, id=4528, stack(0x000000001d9f0000,0x000000001daf0000)]
  0x000000001aeb2800 JavaThread "Cache worker for journal cache (C:\Users\plugu\.gradle\caches\journal-1)" [_thread_blocked, id=16092, stack(0x000000001d8f0000,0x000000001d9f0000)]
  0x000000001a90b000 JavaThread "Thread-9" [_thread_blocked, id=8240, stack(0x000000001d5f0000,0x000000001d6f0000)]
  0x000000001b67c800 JavaThread "Stdin handler" [_thread_blocked, id=796, stack(0x000000001d4f0000,0x000000001d5f0000)]
  0x000000001b67b800 JavaThread "Asynchronous log dispatcher for DefaultDaemonConnection: socket connection from /127.0.0.1:50247 to /127.0.0.1:50248" [_thread_blocked, id=1448, stack(0x000000001d2f0000,0x000000001d3f0000)]
  0x000000001b7b6800 JavaThread "Daemon worker" [_thread_in_vm, id=15960, stack(0x000000001d1f0000,0x000000001d2f0000)]
  0x000000001b7b6000 JavaThread "Cancel handler" [_thread_blocked, id=17152, stack(0x000000001d0f0000,0x000000001d1f0000)]
  0x000000001b794800 JavaThread "Handler for socket connection from /127.0.0.1:50247 to /127.0.0.1:50248" [_thread_in_native, id=21308, stack(0x000000001cdf0000,0x000000001cef0000)]
  0x000000001b791000 JavaThread "Daemon" [_thread_blocked, id=11344, stack(0x000000001ccf0000,0x000000001cdf0000)]
  0x000000001b787000 JavaThread "Daemon periodic checks" [_thread_blocked, id=4928, stack(0x000000001cbf0000,0x000000001ccf0000)]
  0x000000001b71a800 JavaThread "Incoming local TCP Connector on port 50247" [_thread_in_native, id=7368, stack(0x000000001c9b0000,0x000000001cab0000)]
  0x000000001b65a000 JavaThread "Daemon health stats" [_thread_blocked, id=4272, stack(0x000000001c370000,0x000000001c470000)]
  0x0000000018d94000 JavaThread "Service Thread" daemon [_thread_blocked, id=20516, stack(0x00000000199d0000,0x0000000019ad0000)]
  0x0000000018d14000 JavaThread "C1 CompilerThread3" daemon [_thread_blocked, id=21764, stack(0x00000000198d0000,0x00000000199d0000)]
=>0x0000000018d0e000 JavaThread "C2 CompilerThread2" daemon [_thread_in_native, id=21840, stack(0x00000000197d0000,0x00000000198d0000)]
  0x0000000018d08800 JavaThread "C2 CompilerThread1" daemon [_thread_blocked, id=8980, stack(0x00000000196d0000,0x00000000197d0000)]
  0x0000000018d04000 JavaThread "C2 CompilerThread0" daemon [_thread_blocked, id=14144, stack(0x00000000195d0000,0x00000000196d0000)]
  0x0000000018d01000 JavaThread "Attach Listener" daemon [_thread_blocked, id=15376, stack(0x00000000194d0000,0x00000000195d0000)]
  0x0000000018d00000 JavaThread "Signal Dispatcher" daemon [_thread_blocked, id=18704, stack(0x00000000193d0000,0x00000000194d0000)]
  0x0000000018cf0800 JavaThread "Finalizer" daemon [_thread_blocked, id=14064, stack(0x00000000191d0000,0x00000000192d0000)]
  0x0000000003139000 JavaThread "Reference Handler" daemon [_thread_blocked, id=8028, stack(0x00000000190d0000,0x00000000191d0000)]
  0x0000000003042800 JavaThread "main" [_thread_blocked, id=10152, stack(0x0000000002f40000,0x0000000003040000)]

Other Threads:
  0x0000000016ef6800 VMThread [stack: 0x0000000018bd0000,0x0000000018cd0000] [id=13680]
  0x0000000018d94800 WatcherThread [stack: 0x0000000019ad0000,0x0000000019bd0000] [id=14488]

VM state:not at safepoint (normal execution)

VM Mutex/Monitor currently owned by a thread: None

heap address: 0x00000000a0000000, size: 1536 MB, Compressed Oops mode: 32-bit
Narrow klass base: 0x0000000000000000, Narrow klass shift: 3
Compressed class space size: 1073741824 Address: 0x0000000100000000

Heap:
 PSYoungGen      total 71680K, used 68538K [0x00000000e0000000, 0x00000000e4b00000, 0x0000000100000000)
  eden space 66560K, 97% used [0x00000000e0000000,0x00000000e3fb2538,0x00000000e4100000)
  from space 5120K, 64% used [0x00000000e4600000,0x00000000e493c588,0x00000000e4b00000)
  to   space 5120K, 0% used [0x00000000e4100000,0x00000000e4100000,0x00000000e4600000)
 ParOldGen       total 87552K, used 24K [0x00000000a0000000, 0x00000000a5580000, 0x00000000e0000000)
  object space 87552K, 0% used [0x00000000a0000000,0x00000000a0006000,0x00000000a5580000)
 Metaspace       used 15012K, capacity 15492K, committed 15744K, reserved 1062912K
  class space    used 1988K, capacity 2154K, committed 2176K, reserved 1048576K

Card table byte_map: [0x0000000012500000,0x0000000012810000] byte_map_base: 0x0000000012000000

Marking Bits: (ParMarkBitMap*) 0x000000005e30f030
 Begin Bits: [0x0000000013210000, 0x0000000014a10000)
 End Bits:   [0x0000000014a10000, 0x0000000016210000)

Polling page: 0x0000000001710000

CodeCache: size=245760Kb used=5281Kb max_used=5283Kb free=240478Kb
 bounds [0x0000000003140000, 0x0000000003670000, 0x0000000012140000]
 total_blobs=1897 nmethods=1506 adapters=304
 compilation: enabled

Compilation events (10 events):
Event: 5.517 Thread 0x0000000018d14000 nmethod 1499 0x0000000003667050 code [0x00000000036671c0, 0x0000000003667550]
Event: 5.517 Thread 0x0000000018d14000 1500       3       java.util.concurrent.locks.ReentrantLock$NonfairSync::tryAcquire (6 bytes)
Event: 5.517 Thread 0x0000000018d14000 nmethod 1500 0x0000000003667690 code [0x0000000003667800, 0x0000000003667a08]
Event: 5.610 Thread 0x0000000018d14000 1501       1       org.gradle.launcher.daemon.server.exec.DaemonConnectionBackedEventConsumer::access$100 (5 bytes)
Event: 5.611 Thread 0x0000000018d14000 nmethod 1501 0x0000000003667a90 code [0x0000000003667be0, 0x0000000003667cd0]
Event: 5.632 Thread 0x0000000018d08800 1502       4       java.util.HashMap::hash (20 bytes)
Event: 5.632 Thread 0x0000000018d04000 1503       4       java.util.jar.JarFile::maybeInstantiateVerifier (96 bytes)
Event: 5.632 Thread 0x0000000018d08800 nmethod 1502 0x000000000366aa10 code [0x000000000366ab60, 0x000000000366ac18]
Event: 5.638 Thread 0x0000000018d04000 nmethod 1503 0x0000000003668b90 code [0x0000000003668d20, 0x0000000003669178]
Event: 5.705 Thread 0x0000000018d0e000 1505       4       java.net.URLClassLoader$1::run (5 bytes)

GC Heap History (4 events):
Event: 0.910 GC heap before
{Heap before GC invocations=1 (full 0):
 PSYoungGen      total 38400K, used 33280K [0x00000000e0000000, 0x00000000e2a80000, 0x0000000100000000)
  eden space 33280K, 100% used [0x00000000e0000000,0x00000000e2080000,0x00000000e2080000)
  from space 5120K, 0% used [0x00000000e2580000,0x00000000e2580000,0x00000000e2a80000)
  to   space 5120K, 0% used [0x00000000e2080000,0x00000000e2080000,0x00000000e2580000)
 ParOldGen       total 87552K, used 0K [0x00000000a0000000, 0x00000000a5580000, 0x00000000e0000000)
  object space 87552K, 0% used [0x00000000a0000000,0x00000000a0000000,0x00000000a5580000)
 Metaspace       used 7190K, capacity 7368K, committed 7424K, reserved 1056768K
  class space    used 883K, capacity 968K, committed 1024K, reserved 1048576K
Event: 0.921 GC heap after
Heap after GC invocations=1 (full 0):
 PSYoungGen      total 38400K, used 4445K [0x00000000e0000000, 0x00000000e4b00000, 0x0000000100000000)
  eden space 33280K, 0% used [0x00000000e0000000,0x00000000e0000000,0x00000000e2080000)
  from space 5120K, 86% used [0x00000000e2080000,0x00000000e24d75c0,0x00000000e2580000)
  to   space 5120K, 0% used [0x00000000e4600000,0x00000000e4600000,0x00000000e4b00000)
 ParOldGen       total 87552K, used 16K [0x00000000a0000000, 0x00000000a5580000, 0x00000000e0000000)
  object space 87552K, 0% used [0x00000000a0000000,0x00000000a0004000,0x00000000a5580000)
 Metaspace       used 7190K, capacity 7368K, committed 7424K, reserved 1056768K
  class space    used 883K, capacity 968K, committed 1024K, reserved 1048576K
}
Event: 1.324 GC heap before
{Heap before GC invocations=2 (full 0):
 PSYoungGen      total 38400K, used 37725K [0x00000000e0000000, 0x00000000e4b00000, 0x0000000100000000)
  eden space 33280K, 100% used [0x00000000e0000000,0x00000000e2080000,0x00000000e2080000)
  from space 5120K, 86% used [0x00000000e2080000,0x00000000e24d75c0,0x00000000e2580000)
  to   space 5120K, 0% used [0x00000000e4600000,0x00000000e4600000,0x00000000e4b00000)
 ParOldGen       total 87552K, used 16K [0x00000000a0000000, 0x00000000a5580000, 0x00000000e0000000)
  object space 87552K, 0% used [0x00000000a0000000,0x00000000a0004000,0x00000000a5580000)
 Metaspace       used 7426K, capacity 7680K, committed 7936K, reserved 1056768K
  class space    used 912K, capacity 1008K, committed 1024K, reserved 1048576K
Event: 1.328 GC heap after
Heap after GC invocations=2 (full 0):
 PSYoungGen      total 71680K, used 3313K [0x00000000e0000000, 0x00000000e4b00000, 0x0000000100000000)
  eden space 66560K, 0% used [0x00000000e0000000,0x00000000e0000000,0x00000000e4100000)
  from space 5120K, 64% used [0x00000000e4600000,0x00000000e493c588,0x00000000e4b00000)
  to   space 5120K, 0% used [0x00000000e4100000,0x00000000e4100000,0x00000000e4600000)
 ParOldGen       total 87552K, used 24K [0x00000000a0000000, 0x00000000a5580000, 0x00000000e0000000)
  object space 87552K, 0% used [0x00000000a0000000,0x00000000a0006000,0x00000000a5580000)
 Metaspace       used 7426K, capacity 7680K, committed 7936K, reserved 1056768K
  class space    used 912K, capacity 1008K, committed 1024K, reserved 1048576K
}

Deoptimization events (10 events):
Event: 2.002 Thread 0x0000000003042800 Uncommon trap: reason=unstable_if action=reinterpret pc=0x000000000346df30 method=java.io.WinNTFileSystem.normalize(Ljava/lang/String;)Ljava/lang/String; @ 128
Event: 3.073 Thread 0x000000001b794800 Uncommon trap: reason=unstable_if action=reinterpret pc=0x000000000354e128 method=java.util.concurrent.ConcurrentHashMap.putVal(Ljava/lang/Object;Ljava/lang/Object;Z)Ljava/lang/Object; @ 206
Event: 3.286 Thread 0x000000001b794800 Uncommon trap: reason=unstable_if action=reinterpret pc=0x000000000345f05c method=java.lang.String.substring(I)Ljava/lang/String; @ 35
Event: 3.440 Thread 0x000000001b7b6800 Uncommon trap: reason=bimorphic action=maybe_recompile pc=0x00000000034117f0 method=java.util.HashMap.putVal(ILjava/lang/Object;Ljava/lang/Object;ZZ)Ljava/lang/Object; @ 253
Event: 3.440 Thread 0x000000001b7b6800 Uncommon trap: reason=bimorphic action=maybe_recompile pc=0x00000000034117f0 method=java.util.HashMap.putVal(ILjava/lang/Object;Ljava/lang/Object;ZZ)Ljava/lang/Object; @ 253
Event: 3.440 Thread 0x000000001b7b6800 Uncommon trap: reason=bimorphic action=maybe_recompile pc=0x00000000034117f0 method=java.util.HashMap.putVal(ILjava/lang/Object;Ljava/lang/Object;ZZ)Ljava/lang/Object; @ 253
Event: 5.015 Thread 0x000000001b7b6800 Uncommon trap: reason=class_check action=maybe_recompile pc=0x0000000003475b58 method=java.util.regex.Matcher.match(II)Z @ 86
Event: 5.016 Thread 0x000000001b7b6800 Uncommon trap: reason=class_check action=maybe_recompile pc=0x0000000003475b58 method=java.util.regex.Matcher.match(II)Z @ 86
Event: 5.016 Thread 0x000000001b7b6800 Uncommon trap: reason=class_check action=maybe_recompile pc=0x0000000003475b58 method=java.util.regex.Matcher.match(II)Z @ 86
Event: 5.016 Thread 0x000000001b7b6800 Uncommon trap: reason=class_check action=maybe_recompile pc=0x00000000032faf1c method=java.util.regex.Matcher.match(II)Z @ 86

Classes redefined (0 events):
No events

Internal exceptions (10 events):
Event: 3.104 Thread 0x000000001b794800 Exception <a 'java/lang/NoSuchMethodError': <clinit>> (0x00000000e1e4fbb8) thrown at [C:\src\AOSP-openjdk-git\hotspot\src\share\vm\prims\jni.cpp, line 1615]
Event: 3.159 Thread 0x000000001b794800 Exception <a 'java/lang/NoSuchMethodError': <clinit>> (0x00000000e1e62538) thrown at [C:\src\AOSP-openjdk-git\hotspot\src\share\vm\prims\jni.cpp, line 1615]
Event: 3.185 Thread 0x000000001b794800 Exception <a 'java/lang/NoSuchMethodError': <clinit>> (0x00000000e1e89258) thrown at [C:\src\AOSP-openjdk-git\hotspot\src\share\vm\prims\jni.cpp, line 1615]
Event: 3.225 Thread 0x000000001b794800 Exception <a 'java/lang/NoSuchMethodError': <clinit>> (0x00000000e1ea0e70) thrown at [C:\src\AOSP-openjdk-git\hotspot\src\share\vm\prims\jni.cpp, line 1615]
Event: 3.225 Thread 0x000000001b794800 Exception <a 'java/lang/NoSuchMethodError': <clinit>> (0x00000000e1ea9a10) thrown at [C:\src\AOSP-openjdk-git\hotspot\src\share\vm\prims\jni.cpp, line 1615]
Event: 3.226 Thread 0x000000001b794800 Exception <a 'java/lang/NoSuchMethodError': <clinit>> (0x00000000e1ebfdb0) thrown at [C:\src\AOSP-openjdk-git\hotspot\src\share\vm\prims\jni.cpp, line 1615]
Event: 3.291 Thread 0x000000001b794800 Exception <a 'java/lang/NoSuchMethodError': <clinit>> (0x00000000e1f1a218) thrown at [C:\src\AOSP-openjdk-git\hotspot\src\share\vm\prims\jni.cpp, line 1615]
Event: 3.304 Thread 0x000000001b794800 Exception <a 'java/lang/NoSuchMethodError': <clinit>> (0x00000000e1f46bf8) thrown at [C:\src\AOSP-openjdk-git\hotspot\src\share\vm\prims\jni.cpp, line 1615]
Event: 3.307 Thread 0x000000001b794800 Exception <a 'java/lang/NoSuchMethodError': <clinit>> (0x00000000e1f73b80) thrown at [C:\src\AOSP-openjdk-git\hotspot\src\share\vm\prims\jni.cpp, line 1615]
Event: 3.308 Thread 0x000000001b794800 Exception <a 'java/lang/NoSuchMethodError': <clinit>> (0x00000000e1f7ec08) thrown at [C:\src\AOSP-openjdk-git\hotspot\src\share\vm\prims\jni.cpp, line 1615]

Events (10 events):
Event: 5.732 loading class com/google/common/collect/MapMakerInternalMap$Strength$2
Event: 5.732 loading class com/google/common/collect/MapMakerInternalMap$Strength$2 done
Event: 5.733 loading class com/google/common/collect/Interners$InternerImpl
Event: 5.733 loading class com/google/common/collect/Interners$InternerImpl done
Event: 5.733 loading class com/google/common/collect/MapMakerInternalMap
Event: 5.733 loading class com/google/common/collect/MapMakerInternalMap done
Event: 5.758 loading class com/google/common/collect/MapMakerInternalMap$WeakValueReference
Event: 5.758 loading class com/google/common/collect/MapMakerInternalMap$WeakValueReference done
Event: 5.771 loading class com/google/common/collect/MapMakerInternalMap$InternalEntryHelper
Event: 5.771 loading class com/google/common/collect/MapMakerInternalMap$InternalEntryHelper done


Dynamic libraries:
0x00007ff701560000 - 0x00007ff701591000 	C:\Program Files\Android\Android Studio\jre\bin\java.exe
0x00007fffc74f0000 - 0x00007fffc76e6000 	C:\WINDOWS\SYSTEM32\ntdll.dll
0x00007fffc6850000 - 0x00007fffc690d000 	C:\WINDOWS\System32\KERNEL32.DLL
0x00007fffc4e10000 - 0x00007fffc50d8000 	C:\WINDOWS\System32\KERNELBASE.dll
0x00007fffc56a0000 - 0x00007fffc574a000 	C:\WINDOWS\System32\ADVAPI32.dll
0x00007fffc6cf0000 - 0x00007fffc6d8e000 	C:\WINDOWS\System32\msvcrt.dll
0x00007fffc6e80000 - 0x00007fffc6f1b000 	C:\WINDOWS\System32\sechost.dll
0x00007fffc6970000 - 0x00007fffc6a94000 	C:\WINDOWS\System32\RPCRT4.dll
0x00007fffc66b0000 - 0x00007fffc6850000 	C:\WINDOWS\System32\USER32.dll
0x00007fffc4c40000 - 0x00007fffc4c62000 	C:\WINDOWS\System32\win32u.dll
0x00007fffc6c60000 - 0x00007fffc6c8a000 	C:\WINDOWS\System32\GDI32.dll
0x00007fffc4d00000 - 0x00007fffc4e09000 	C:\WINDOWS\System32\gdi32full.dll
0x00007fffc54c0000 - 0x00007fffc555d000 	C:\WINDOWS\System32\msvcp_win.dll
0x00007fffc53c0000 - 0x00007fffc54c0000 	C:\WINDOWS\System32\ucrtbase.dll
0x00007fffa6030000 - 0x00007fffa62cb000 	C:\WINDOWS\WinSxS\amd64_microsoft.windows.common-controls_6595b64144ccf1df_6.0.19041.488_none_ca04af081b815d21\COMCTL32.dll
0x00007fffc5770000 - 0x00007fffc57a0000 	C:\WINDOWS\System32\IMM32.DLL
0x000000005cff0000 - 0x000000005d0c2000 	C:\Program Files\Android\Android Studio\jre\jre\bin\msvcr100.dll
0x000000005db40000 - 0x000000005e38b000 	C:\Program Files\Android\Android Studio\jre\jre\bin\server\jvm.dll
0x00007fffc5560000 - 0x00007fffc5568000 	C:\WINDOWS\System32\PSAPI.DLL
0x00007fffb31b0000 - 0x00007fffb31d7000 	C:\WINDOWS\SYSTEM32\WINMM.dll
0x00007fffba0a0000 - 0x00007fffba0aa000 	C:\WINDOWS\SYSTEM32\VERSION.dll
0x00007fffb3020000 - 0x00007fffb3029000 	C:\WINDOWS\SYSTEM32\WSOCK32.dll
0x00007fffc6e10000 - 0x00007fffc6e7b000 	C:\WINDOWS\System32\WS2_32.dll
0x00007fffbc570000 - 0x00007fffbc57f000 	C:\Program Files\Android\Android Studio\jre\jre\bin\verify.dll
0x00007fffb4a10000 - 0x00007fffb4a39000 	C:\Program Files\Android\Android Studio\jre\jre\bin\java.dll
0x00007fffb49b0000 - 0x00007fffb49c6000 	C:\Program Files\Android\Android Studio\jre\jre\bin\zip.dll
0x00007fffc5ec0000 - 0x00007fffc6600000 	C:\WINDOWS\System32\SHELL32.dll
0x00007fffc2d70000 - 0x00007fffc3504000 	C:\WINDOWS\SYSTEM32\windows.storage.dll
0x00007fffc57a0000 - 0x00007fffc5af5000 	C:\WINDOWS\System32\combase.dll
0x00007fffc46b0000 - 0x00007fffc46dc000 	C:\WINDOWS\SYSTEM32\Wldp.dll
0x00007fffc6600000 - 0x00007fffc66ae000 	C:\WINDOWS\System32\SHCORE.dll
0x00007fffc5640000 - 0x00007fffc5695000 	C:\WINDOWS\System32\shlwapi.dll
0x00007fffc4b70000 - 0x00007fffc4b96000 	C:\WINDOWS\SYSTEM32\profapi.dll
0x00007fffb0d60000 - 0x00007fffb0d7a000 	C:\Program Files\Android\Android Studio\jre\jre\bin\net.dll
0x00007fffc4430000 - 0x00007fffc449a000 	C:\WINDOWS\system32\mswsock.dll
0x00007fffb0d40000 - 0x00007fffb0d53000 	C:\Program Files\Android\Android Studio\jre\jre\bin\nio.dll
0x00007fffae340000 - 0x00007fffae366000 	C:\Users\plugu\.gradle\native\31\windows-amd64\native-platform.dll
0x00007fffbbdc0000 - 0x00007fffbbdcd000 	C:\Program Files\Android\Android Studio\jre\jre\bin\management.dll
0x00007fffc4600000 - 0x00007fffc4618000 	C:\WINDOWS\SYSTEM32\CRYPTSP.dll
0x00007fffc3d50000 - 0x00007fffc3d84000 	C:\WINDOWS\system32\rsaenh.dll
0x00007fffc4cd0000 - 0x00007fffc4cf7000 	C:\WINDOWS\System32\bcrypt.dll
0x00007fffc4b30000 - 0x00007fffc4b5e000 	C:\WINDOWS\SYSTEM32\USERENV.dll
0x00007fffc52f0000 - 0x00007fffc536f000 	C:\WINDOWS\System32\bcryptprimitives.dll
0x00007fffc4620000 - 0x00007fffc462c000 	C:\WINDOWS\SYSTEM32\CRYPTBASE.dll
0x00007fffc40d0000 - 0x00007fffc410b000 	C:\WINDOWS\SYSTEM32\IPHLPAPI.DLL
0x00007fffc6b60000 - 0x00007fffc6b69000 	C:\WINDOWS\System32\NSI.dll
0x00007fffba590000 - 0x00007fffba5a7000 	C:\WINDOWS\SYSTEM32\dhcpcsvc6.DLL
0x00007fffbab90000 - 0x00007fffbabad000 	C:\WINDOWS\SYSTEM32\dhcpcsvc.DLL
0x00007fffc4110000 - 0x00007fffc41db000 	C:\WINDOWS\SYSTEM32\DNSAPI.dll

VM Arguments:
jvm_args: -Xmx1536m -Dfile.encoding=windows-1252 -Duser.country=US -Duser.language=en -Duser.variant 
java_command: org.gradle.launcher.daemon.bootstrap.GradleDaemon 6.1.1
java_class_path (initial): C:\Users\plugu\.gradle\wrapper\dists\gradle-6.1.1-all\cfmwm155h49vnt3hynmlrsdst\gradle-6.1.1\lib\gradle-launcher-6.1.1.jar
Launcher Type: SUN_STANDARD

Environment Variables:
PATH=C:\Program Files (x86)\Intel\Intel(R) Management Engine Components\iCLS\;C:\Program Files\Intel\Intel(R) Management Engine Components\iCLS\;C:\Program Files (x86)\Common Files\Oracle\Java\javapath;C:\Program Files\Python37\Scripts\;C:\Program Files\Python37\;C:\WINDOWS\system32;C:\WINDOWS;C:\WINDOWS\System32\Wbem;C:\WINDOWS\System32\WindowsPowerShell\v1.0\;C:\WINDOWS\System32\OpenSSH\;C:\Program Files\PuTTY\;C:\Program Files\MATLAB\R2018b\bin;C:\Program Files\dotnet\;C:\Program Files (x86)\Intel\Intel(R) Management Engine Components\DAL;C:\Program Files\Intel\Intel(R) Management Engine Components\DAL;C:\Program Files\Intel\WiFi\bin\;C:\Program Files\Common Files\Intel\WirelessCommon\;C:\Program Files (x86)\Common Files\Oracle\Java\javapath;C:\Program Files\Python37\Scripts\;C:\Program Files\Python37\;C:\Program Files (x86)\Intel\Intel(R) Management Engine Components\iCLS\;C:\Program Files\Intel\Intel(R) Management Engine Components\iCLS\;C:\WINDOWS\system32;C:\WINDOWS;C:\WINDOWS\System32\Wbem;C:\WINDOWS\System32\WindowsPowerShell\v1.0\;C:\WINDOWS\System32\OpenSSH\;C:\Program Files\Intel\WiFi\bin\;C:\Program Files\Common Files\Intel\WirelessCommon\;C:\Program Files (x86)\Intel\Intel(R) Management Engine Components\DAL;C:\Program Files\Intel\Intel(R) Management Engine Components\DAL;C:\Program Files (x86)\Intel\Intel(R) Management Engine Components\IPT;C:\Program Files\Intel\Intel(R) Management Engine Components\IPT;C:\Program Files\PuTTY\;C:\Program Files\MATLAB\R2018b\bin;C:\Program Files\dotnet\;C:\;C:\Users\plugu\AppData\Local\Programs\Microsoft VS Code\bin;C:\Users\plugu\AppData\Local\Microsoft\WindowsApps;
USERNAME=plugu
OS=Windows_NT
PROCESSOR_IDENTIFIER=Intel64 Family 6 Model 142 Stepping 10, GenuineIntel



---------------  S Y S T E M  ---------------

OS: Windows 10.0 , 64 bit Build 19041 (10.0.19041.546)

CPU:total 8 (initial active 8) (4 cores per cpu, 2 threads per core) family 6 model 142 stepping 10, cmov, cx8, fxsr, mmx, sse, sse2, sse3, ssse3, sse4.1, sse4.2, popcnt, avx, avx2, aes, clmul, erms, 3dnowpref, lzcnt, ht, tsc, tscinvbit, bmi1, bmi2, adx

Memory: 4k page, physical 8298376k(75516k free), swap 33464200k(4120k free)

vm_info: OpenJDK 64-Bit Server VM (25.242-b01) for windows-amd64 JRE (1.8.0_242-release-1644-b01), built by "builder" with MS VC++ 10.0 (VS2010)

time: Sat Oct 24 20:53:14 2020
timezone: Pacific Daylight Time
elapsed time: 6 seconds (0d 0h 0m 6s)

